<?xml version="1.0" encoding="UTF-8" ?>
<testsuite errors="0" failures="0" hostname="Tians-MacBook-Pro.local" name="testing.AllTests" skipped="0" tests="20" time="5.065" timestamp="2020-08-20T00:59:11">
  <properties>
[...]
</properties>
  <testcase classname="testing.TaskComparatorTest" name="testUneqPriority" time="0.016" />
  <testcase classname="testing.TaskComparatorTest" name="testEqPriority" time="0.0" />
  <testcase classname="testing.TaskTest" name="testAddWorkHrs" time="0.0" />
  <testcase classname="testing.TaskTest" name="testRepeatPeriod" time="0.0" />
  <testcase classname="testing.TaskTest" name="testName" time="0.0" />
  <testcase classname="testing.TaskTest" name="testUrgency" time="0.0" />
  <testcase classname="testing.TaskTest" name="testPriority" time="0.0" />
  <testcase classname="testing.TaskTest" name="testIsActive" time="0.0" />
  <testcase classname="testing.TaskTest" name="testCategory" time="0.001" />
  <testcase classname="testing.TaskTest" name="testDetails" time="0.0" />
  <testcase classname="testing.TaskTest" name="testDeadline" time="0.0" />
  <testcase classname="testing.UserTest" name="testHistSplit" time="0.0" />
  <testcase classname="testing.UserTest" name="testAddTasks" time="0.001" />
  <testcase classname="testing.UserTest" name="testCategories" time="0.0" />
  <testcase classname="testing.UserTest" name="testFinishTasks" time="0.001" />
  <testcase classname="testing.UserTest" name="testWorkDist" time="0.0" />
  <testcase classname="testing.UserTest" name="testWorkHist" time="0.001" />
  <testcase classname="testing.UserTest" name="testWorkHrs" time="0.0" />
  <testcase classname="testing.UserTest" name="testFinishTasksOverflow" time="0.0" />
  <testcase classname="testing.UserTest" name="testUpdate" time="0.001" />
  <system-out><![CDATA[]]></system-out>
  <system-err><![CDATA[]]></system-err>
</testsuite>
